Arguments: 
  C:\Program Files\nodejs\node.exe C:\Program Files (x86)\Yarn\bin\yarn.js add react-google-maps

PATH: 
  C:\WINDOWS\system32;C:\WINDOWS;C:\WINDOWS\System32\Wbem;C:\WINDOWS\System32\WindowsPowerShell\v1.0\;C:\WINDOWS\System32\OpenSSH\;C:\Program Files\nodejs\;C:\Program Files\Git\cmd;C:\Program Files\Git\bin;C:\Program Files\MongoDB\Server\4.2\bin;C:\Program Files (x86)\Yarn\bin\;C:\Users\hp\AppData\Local\Microsoft\WindowsApps;C:\Users\hp\AppData\Roaming\npm;C:\Program Files\Git\bin;C:\Program Files\MongoDB\Server\4.2\bin;C:\Users\hp\AppData\Local\Yarn\bin;C:\Users\hp\AppData\Local\Programs\Microsoft VS Code\bin

Yarn version: 
  1.21.1

Node version: 
  12.13.0

Platform: 
  win32 x64

Trace: 
  Error: EPERM: operation not permitted, unlink 'C:\Users\hp\Desktop\reactapp\login\now-ui-kit-react-master\node_modules\node-sass\vendor\win32-x64-72\binding.node'

npm manifest: 
  {
    "name": "now-ui-kit-react",
    "version": "1.0.0",
    "private": true,
    "dependencies": {
      "chart.js": "^2.9.3",
      "moment": "2.24.0",
      "node-sass": "4.12.0",
      "nouislider": "14.0.2",
      "perfect-scrollbar": "^1.5.0",
      "react": "16.8.6",
      "react-bootstrap-switch": "15.5.3",
      "react-chartjs-2": "^2.9.0",
      "react-datetime": "2.16.3",
      "react-dom": "16.8.6",
      "react-google-maps": "^9.4.5",
      "react-router": "5.0.1",
      "react-router-dom": "5.0.1",
      "react-scripts": "^3.3.0",
      "reactstrap": "8.0.1"
    },
    "scripts": {
      "start": "react-scripts start",
      "build": "react-scripts build",
      "test": "react-scripts test",
      "eject": "react-scripts eject",
      "install:clean": "rm -rf node_modules/ && rm -rf package-lock.json && npm install && npm start",
      "compile-sass": "node-sass src/assets/scss/now-ui-kit.scss src/assets/css/now-ui-kit.css",
      "minify-sass": "node-sass src/assets/scss/now-ui-kit.scss src/assets/css/now-ui-kit.min.css --output-style compressed",
      "map-sass": "node-sass src/assets/scss/now-ui-kit.scss src/assets/css/now-ui-kit.css --source-map true"
    },
    "eslintConfig": {
      "extends": "react-app"
    },
    "browserslist": {
      "production": [
        ">0.2%",
        "not dead",
        "not op_mini all"
      ],
      "development": [
        "last 1 chrome version",
        "last 1 firefox version",
        "last 1 safari version"
      ]
    },
    "optionalDependencies": {
      "typescript": "3.5.3"
    }
  }

yarn manifest: 
  No manifest

Lockfile: 
  No lockfile
